# JRE version: Java(TM) SE Runtime Environment (14.0.1+7) (build 14.0.1+7)
# Java VM: Java HotSpot(TM) 64-Bit Server VM (14.0.1+7, mixed mode, sharing, tiered, compressed oops, g1 gc, windows-amd64)
Heap:
 garbage-first heap   total 262144K, used 70443K [0x0000000701000000, 0x0000000800000000)
  region size 1024K, 68 young (69632K), 2 survivors (2048K)
 Metaspace       used 8869K, capacity 9877K, committed 10240K, reserved 1058816K
  class space    used 551K, capacity 657K, committed 768K, reserved 1048576K
GC Heap History (6 events):
Event: 1.848 GC heap before
{Heap before GC invocations=0 (full 0):
 garbage-first heap   total 262144K, used 13312K [0x0000000701000000, 0x0000000800000000)
  region size 1024K, 13 young (13312K), 0 survivors (0K)
 Metaspace       used 792K, capacity 4519K, committed 4864K, reserved 1056768K
  class space    used 45K, capacity 398K, committed 512K, reserved 1048576K
}
Event: 1.850 GC heap after
{Heap after GC invocations=1 (full 0):
 garbage-first heap   total 262144K, used 2322K [0x0000000701000000, 0x0000000800000000)
  region size 1024K, 2 young (2048K), 2 survivors (2048K)
 Metaspace       used 792K, capacity 4519K, committed 4864K, reserved 1056768K
  class space    used 45K, capacity 398K, committed 512K, reserved 1048576K
}
Event: 2.045 GC heap before
{Heap before GC invocations=1 (full 0):
 garbage-first heap   total 262144K, used 18706K [0x0000000701000000, 0x0000000800000000)
  region size 1024K, 18 young (18432K), 2 survivors (2048K)
 Metaspace       used 2897K, capacity 4781K, committed 4864K, reserved 1056768K
  class space    used 247K, capacity 443K, committed 512K, reserved 1048576K
}
Event: 2.048 GC heap after
{Heap after GC invocations=2 (full 0):
 garbage-first heap   total 262144K, used 2935K [0x0000000701000000, 0x0000000800000000)
  region size 1024K, 1 young (1024K), 1 survivors (1024K)
 Metaspace       used 2897K, capacity 4781K, committed 4864K, reserved 1056768K
  class space    used 247K, capacity 443K, committed 512K, reserved 1048576K
}
Event: 7.146 GC heap before
{Heap before GC invocations=2 (full 0):
 garbage-first heap   total 262144K, used 36727K [0x0000000701000000, 0x0000000800000000)
  region size 1024K, 35 young (35840K), 1 survivors (1024K)
 Metaspace       used 6028K, capacity 7189K, committed 7552K, reserved 1056768K
  class space    used 422K, capacity 549K, committed 640K, reserved 1048576K
}
Event: 7.149 GC heap after
{Heap after GC invocations=3 (full 0):
 garbage-first heap   total 262144K, used 3883K [0x0000000701000000, 0x0000000800000000)
  region size 1024K, 2 young (2048K), 2 survivors (2048K)
 Metaspace       used 6028K, capacity 7189K, committed 7552K, reserved 1056768K
  class space    used 422K, capacity 549K, committed 640K, reserved 1048576K
}

