# JRE version: Java(TM) SE Runtime Environment (14.0.1+7) (build 14.0.1+7)
# Java VM: Java HotSpot(TM) 64-Bit Server VM (14.0.1+7, mixed mode, sharing, tiered, compressed oops, g1 gc, windows-amd64)
Heap:
 garbage-first heap   total 262144K, used 12212K [0x0000000701000000, 0x0000000800000000)
  region size 1024K, 11 young (11264K), 3 survivors (3072K)
 Metaspace       used 10612K, capacity 10895K, committed 11008K, reserved 1058816K
  class space    used 692K, capacity 741K, committed 768K, reserved 1048576K
GC Heap History (8 events):
Event: 0.893 GC heap before
{Heap before GC invocations=0 (full 0):
 garbage-first heap   total 262144K, used 13312K [0x0000000701000000, 0x0000000800000000)
  region size 1024K, 13 young (13312K), 0 survivors (0K)
 Metaspace       used 825K, capacity 4515K, committed 4864K, reserved 1056768K
  class space    used 47K, capacity 398K, committed 512K, reserved 1048576K
}
Event: 0.898 GC heap after
{Heap after GC invocations=1 (full 0):
 garbage-first heap   total 262144K, used 2426K [0x0000000701000000, 0x0000000800000000)
  region size 1024K, 2 young (2048K), 2 survivors (2048K)
 Metaspace       used 825K, capacity 4515K, committed 4864K, reserved 1056768K
  class space    used 47K, capacity 398K, committed 512K, reserved 1048576K
}
Event: 1.186 GC heap before
{Heap before GC invocations=1 (full 0):
 garbage-first heap   total 262144K, used 17786K [0x0000000701000000, 0x0000000800000000)
  region size 1024K, 17 young (17408K), 2 survivors (2048K)
 Metaspace       used 2997K, capacity 4662K, committed 4864K, reserved 1056768K
  class space    used 274K, capacity 446K, committed 512K, reserved 1048576K
}
Event: 1.189 GC heap after
{Heap after GC invocations=2 (full 0):
 garbage-first heap   total 262144K, used 3320K [0x0000000701000000, 0x0000000800000000)
  region size 1024K, 1 young (1024K), 1 survivors (1024K)
 Metaspace       used 2997K, capacity 4662K, committed 4864K, reserved 1056768K
  class space    used 274K, capacity 446K, committed 512K, reserved 1048576K
}
Event: 1.369 GC heap before
{Heap before GC invocations=2 (full 0):
 garbage-first heap   total 262144K, used 35064K [0x0000000701000000, 0x0000000800000000)
  region size 1024K, 32 young (32768K), 1 survivors (1024K)
 Metaspace       used 3887K, capacity 5067K, committed 5120K, reserved 1056768K
  class space    used 374K, capacity 496K, committed 512K, reserved 1048576K
}
Event: 1.370 GC heap after
{Heap after GC invocations=3 (full 0):
 garbage-first heap   total 262144K, used 3360K [0x0000000701000000, 0x0000000800000000)
  region size 1024K, 1 young (1024K), 1 survivors (1024K)
 Metaspace       used 3887K, capacity 5067K, committed 5120K, reserved 1056768K
  class space    used 374K, capacity 496K, committed 512K, reserved 1048576K
}
Event: 4.464 GC heap before
{Heap before GC invocations=3 (full 0):
 garbage-first heap   total 262144K, used 159008K [0x0000000701000000, 0x0000000800000000)
  region size 1024K, 153 young (156672K), 1 survivors (1024K)
 Metaspace       used 10233K, capacity 10548K, committed 10752K, reserved 1058816K
  class space    used 664K, capacity 731K, committed 768K, reserved 1048576K
}
Event: 4.467 GC heap after
{Heap after GC invocations=4 (full 0):
 garbage-first heap   total 262144K, used 5044K [0x0000000701000000, 0x0000000800000000)
  region size 1024K, 3 young (3072K), 3 survivors (3072K)
 Metaspace       used 10233K, capacity 10548K, committed 10752K, reserved 1058816K
  class space    used 664K, capacity 731K, committed 768K, reserved 1048576K
}

